<?xml version="1.0" encoding="UTF-8"?>
<testng-results skipped="0" failed="0" ignored="0" total="1" passed="1">
  <reporter-output>
  </reporter-output>
  <suite name="Default suite" duration-ms="19693" started-at="2020-06-14T13:40:58 MDT" finished-at="2020-06-14T13:41:18 MDT">
    <groups>
    </groups>
    <test name="Default test" duration-ms="19693" started-at="2020-06-14T13:40:58 MDT" finished-at="2020-06-14T13:41:18 MDT">
      <class name="com.demoaut.newtours.TestScript.VerifyInvalidLogin">
        <test-method status="PASS" signature="openApplication()[pri:0, instance:com.demoaut.newtours.TestScript.VerifyInvalidLogin@30b8a058]" name="openApplication" is-config="true" duration-ms="5803" started-at="2020-06-14T13:40:58 MDT" finished-at="2020-06-14T13:41:04 MDT">
          <reporter-output>
          </reporter-output>
        </test-method> <!-- openApplication -->
        <test-method status="PASS" signature="verifyInvalidLogin()[pri:0, instance:com.demoaut.newtours.TestScript.VerifyInvalidLogin@30b8a058]" name="verifyInvalidLogin" duration-ms="13626" started-at="2020-06-14T13:41:04 MDT" finished-at="2020-06-14T13:41:17 MDT">
          <reporter-output>
          </reporter-output>
        </test-method> <!-- verifyInvalidLogin -->
        <test-method status="PASS" signature="closeApplication()[pri:0, instance:com.demoaut.newtours.TestScript.VerifyInvalidLogin@30b8a058]" name="closeApplication" is-config="true" duration-ms="223" started-at="2020-06-14T13:41:17 MDT" finished-at="2020-06-14T13:41:18 MDT">
          <reporter-output>
          </reporter-output>
        </test-method> <!-- closeApplication -->
      </class> <!-- com.demoaut.newtours.TestScript.VerifyInvalidLogin -->
    </test> <!-- Default test -->
  </suite> <!-- Default suite -->
</testng-results>
